TN:
SF:/home/chris/dev/pisa/src/customExpressHttpContext.ts
FN:6,(anonymous_1)
FN:10,(anonymous_2)
FNF:2
FNH:2
FNDA:15,(anonymous_1)
FNDA:564,(anonymous_2)
DA:1,2
DA:2,2
DA:4,2
DA:6,2
DA:7,15
DA:10,2
DA:11,564
LF:7
LH:7
BRF:0
BRH:0
end_of_record
TN:
SF:/home/chris/dev/pisa/src/inspector.ts
FN:6,(anonymous_7)
FN:15,(anonymous_8)
FNF:2
FNH:2
FNDA:39,(anonymous_7)
FNDA:14,(anonymous_8)
DA:3,2
DA:5,2
DA:6,39
DA:16,14
DA:17,14
DA:18,14
DA:21,4
DA:22,4
DA:24,4
LF:9
LH:9
BRF:0
BRH:0
end_of_record
TN:
SF:/home/chris/dev/pisa/src/logger.ts
FN:10,(anonymous_1)
FNF:1
FNH:1
FNDA:564,(anonymous_1)
DA:1,2
DA:2,2
DA:3,2
DA:4,2
DA:6,2
DA:7,0
DA:10,2
DA:12,564
DA:13,564
DA:14,564
DA:17,2
DA:18,2
DA:28,2
DA:29,1
DA:36,2
LF:15
LH:14
BRDA:6,0,0,0
BRDA:6,0,1,2
BRDA:13,1,0,102
BRDA:13,1,1,462
BRDA:28,2,0,1
BRDA:28,2,1,1
BRDA:28,3,0,2
BRDA:28,3,1,2
BRF:8
BRH:7
end_of_record
TN:
SF:/home/chris/dev/pisa/src/responder.ts
FN:22,(anonymous_7)
FN:33,(anonymous_8)
FN:41,(anonymous_9)
FN:52,(anonymous_10)
FN:67,(anonymous_11)
FN:72,(anonymous_12)
FN:73,(anonymous_13)
FN:92,(anonymous_14)
FN:106,(anonymous_15)
FN:144,(anonymous_16)
FN:146,(anonymous_17)
FN:150,(anonymous_18)
FN:159,(anonymous_19)
FN:180,(anonymous_20)
FN:197,(anonymous_21)
FN:212,(anonymous_23)
FN:253,(anonymous_25)
FN:308,(anonymous_27)
FN:327,(anonymous_28)
FN:347,(anonymous_30)
FN:351,(anonymous_31)
FN:352,(anonymous_33)
FN:352,(anonymous_34)
FN:432,(anonymous_35)
FN:440,(anonymous_36)
FN:446,(anonymous_37)
FN:454,(anonymous_38)
FN:462,(anonymous_39)
FN:468,(anonymous_40)
FNF:29
FNH:26
FNDA:7,(anonymous_7)
FNDA:7,(anonymous_8)
FNDA:1,(anonymous_9)
FNDA:1,(anonymous_10)
FNDA:7,(anonymous_11)
FNDA:13,(anonymous_12)
FNDA:13,(anonymous_13)
FNDA:7,(anonymous_14)
FNDA:7,(anonymous_15)
FNDA:21,(anonymous_16)
FNDA:7,(anonymous_17)
FNDA:1,(anonymous_18)
FNDA:1,(anonymous_19)
FNDA:15,(anonymous_20)
FNDA:15,(anonymous_21)
FNDA:13,(anonymous_23)
FNDA:8,(anonymous_25)
FNDA:7,(anonymous_27)
FNDA:7,(anonymous_28)
FNDA:17,(anonymous_30)
FNDA:7,(anonymous_31)
FNDA:7,(anonymous_33)
FNDA:7,(anonymous_34)
FNDA:16,(anonymous_35)
FNDA:2,(anonymous_36)
FNDA:2,(anonymous_37)
FNDA:0,(anonymous_38)
FNDA:0,(anonymous_39)
FNDA:0,(anonymous_40)
DA:1,1
DA:2,1
DA:3,1
DA:4,1
DA:6,1
DA:7,1
DA:14,1
DA:15,1
DA:20,7
DA:22,7
DA:23,7
DA:24,7
DA:31,1
DA:32,7
DA:33,7
DA:34,7
DA:41,1
DA:42,1
DA:43,1
DA:44,1
DA:45,1
DA:46,1
DA:52,1
DA:53,1
DA:54,1
DA:55,1
DA:56,1
DA:63,1
DA:68,7
DA:73,13
DA:82,1
DA:85,1
DA:88,7
DA:92,7
DA:93,7
DA:95,7
DA:97,7
DA:108,7
DA:109,7
DA:111,7
DA:143,1
DA:144,21
DA:147,7
DA:151,1
DA:158,1
DA:160,1
DA:161,1
DA:169,1
DA:181,15
DA:182,15
DA:183,15
DA:184,15
DA:185,15
DA:187,15
DA:189,15
DA:198,15
DA:199,14
DA:213,13
DA:216,13
DA:219,13
DA:224,13
DA:231,13
DA:234,13
DA:241,13
DA:242,13
DA:243,13
DA:255,8
DA:258,8
DA:265,8
DA:267,8
DA:273,5
DA:274,5
DA:283,1
DA:285,1
DA:288,1
DA:291,1
DA:294,1
DA:296,7
DA:310,7
DA:311,7
DA:312,7
DA:315,7
DA:317,7
DA:328,7
DA:329,0
DA:332,7
DA:334,7
DA:335,7
DA:337,7
DA:339,7
DA:340,7
DA:342,3
DA:343,3
DA:348,17
DA:352,7
DA:353,7
DA:355,7
DA:357,7
DA:360,7
DA:363,7
DA:365,7
DA:366,7
DA:367,7
DA:368,7
DA:371,7
DA:373,7
DA:376,7
DA:377,7
DA:378,7
DA:380,7
DA:382,5
DA:385,1
DA:386,1
DA:388,1
DA:390,3
DA:392,1
DA:394,1
DA:402,2
DA:406,4
DA:407,0
DA:412,3
DA:414,2
DA:415,2
DA:427,1
DA:429,16
DA:432,16
DA:433,16
DA:435,16
DA:437,16
DA:441,2
DA:443,2
DA:444,2
DA:445,2
DA:447,2
DA:452,2
DA:455,0
DA:460,0
DA:463,0
DA:466,0
DA:469,0
LF:140
LH:133
BRDA:41,0,0,1
BRDA:41,0,1,1
BRDA:52,1,0,1
BRDA:52,1,1,1
BRDA:95,2,0,0
BRDA:95,2,1,7
BRDA:187,3,0,0
BRDA:187,3,1,15
BRDA:317,4,0,7
BRDA:317,4,1,7
BRDA:328,5,0,0
BRDA:328,5,1,7
BRDA:390,6,0,1
BRDA:390,6,1,2
BRDA:433,7,0,0
BRDA:433,7,1,16
BRF:16
BRH:12
end_of_record
TN:
SF:/home/chris/dev/pisa/src/service.ts
FN:49,(anonymous_7)
FN:73,(anonymous_8)
FN:106,(anonymous_9)
FN:113,(anonymous_11)
FN:118,(anonymous_13)
FN:124,(anonymous_14)
FN:129,(anonymous_15)
FN:138,(anonymous_16)
FN:155,(anonymous_17)
FN:173,(anonymous_18)
FN:174,(anonymous_19)
FN:174,(anonymous_20)
FN:200,(anonymous_21)
FNF:13
FNH:11
FNDA:15,(anonymous_7)
FNDA:30,(anonymous_8)
FNDA:15,(anonymous_9)
FNDA:15,(anonymous_11)
FNDA:15,(anonymous_13)
FNDA:15,(anonymous_14)
FNDA:15,(anonymous_15)
FNDA:0,(anonymous_16)
FNDA:0,(anonymous_17)
FNDA:15,(anonymous_18)
FNDA:15,(anonymous_19)
FNDA:15,(anonymous_20)
FNDA:12,(anonymous_21)
DA:1,1
DA:2,1
DA:3,1
DA:5,1
DA:7,1
DA:8,1
DA:16,1
DA:17,1
DA:18,1
DA:19,1
DA:20,1
DA:21,1
DA:22,1
DA:24,1
DA:25,1
DA:32,1
DA:59,15
DA:60,15
DA:62,15
DA:65,15
DA:68,15
DA:71,15
DA:73,30
DA:75,15
DA:76,15
DA:77,15
DA:86,15
DA:94,15
DA:97,15
DA:99,15
DA:101,15
DA:102,15
DA:103,15
DA:107,15
DA:108,15
DA:109,15
DA:110,15
DA:114,15
DA:115,15
DA:116,15
DA:117,15
DA:118,15
DA:119,15
DA:120,15
DA:126,15
DA:128,15
DA:129,15
DA:130,15
DA:131,15
DA:135,15
DA:136,0
DA:138,0
DA:144,0
DA:149,15
DA:152,15
DA:153,0
DA:155,0
DA:161,0
DA:166,15
DA:174,15
DA:175,15
DA:176,15
DA:179,3
DA:182,3
DA:187,12
DA:188,2
DA:189,0
DA:190,0
DA:192,0
DA:193,0
DA:194,0
DA:201,12
DA:202,12
DA:203,12
DA:204,12
LF:75
LH:64
BRDA:119,0,0,0
BRDA:119,0,1,15
BRDA:135,1,0,0
BRDA:135,1,1,15
BRDA:135,2,0,15
BRDA:135,2,1,0
BRDA:152,3,0,0
BRDA:152,3,1,15
BRDA:152,4,0,15
BRDA:152,4,1,0
BRDA:187,5,0,10
BRDA:187,5,1,2
BRDA:188,6,0,2
BRDA:188,6,1,0
BRDA:189,7,0,0
BRDA:189,7,1,0
BRDA:190,8,0,0
BRDA:190,8,1,0
BRF:18
BRH:8
end_of_record
TN:
SF:/home/chris/dev/pisa/src/tower.ts
FN:11,(anonymous_6)
FN:17,(anonymous_7)
FN:28,(anonymous_8)
FN:67,(anonymous_10)
FN:76,(anonymous_11)
FNF:5
FNH:5
FNDA:15,(anonymous_6)
FNDA:30,(anonymous_7)
FNDA:15,(anonymous_8)
FNDA:15,(anonymous_10)
FNDA:3,(anonymous_11)
DA:1,1
DA:5,1
DA:10,1
DA:12,15
DA:13,15
DA:14,15
DA:17,30
DA:20,15
DA:29,15
DA:32,15
DA:33,15
DA:34,15
DA:37,15
DA:39,13
DA:41,13
DA:44,3
DA:46,3
DA:47,3
DA:54,1
DA:66,1
DA:67,15
DA:68,15
DA:77,3
DA:89,3
DA:91,3
LF:25
LH:25
BRDA:29,0,0,0
BRDA:29,0,1,15
BRDA:34,1,0,0
BRDA:34,1,1,15
BRF:4
BRH:2
end_of_record
TN:
SF:/home/chris/dev/pisa/src/blockMonitor/blockStub.ts
FN:12,(anonymous_0)
FN:8,(anonymous_1)
FN:22,(anonymous_2)
FN:31,(anonymous_3)
FN:43,(anonymous_4)
FN:45,(anonymous_5)
FN:60,(anonymous_6)
FN:73,(anonymous_7)
FN:83,(anonymous_8)
FN:84,(anonymous_9)
FN:92,(anonymous_10)
FN:96,(anonymous_11)
FN:103,(anonymous_12)
FN:116,(anonymous_13)
FNF:14
FNH:14
FNDA:172,(anonymous_0)
FNDA:833,(anonymous_1)
FNDA:48,(anonymous_2)
FNDA:125,(anonymous_3)
FNDA:5,(anonymous_4)
FNDA:8,(anonymous_5)
FNDA:319,(anonymous_6)
FNDA:130,(anonymous_7)
FNDA:31,(anonymous_8)
FNDA:96,(anonymous_9)
FNDA:100,(anonymous_10)
FNDA:255,(anonymous_11)
FNDA:97,(anonymous_12)
FNDA:29,(anonymous_13)
DA:1,1
DA:6,1
DA:9,833
DA:12,172
DA:13,172
DA:14,172
DA:23,48
DA:33,125
DA:34,1
DA:36,124
DA:44,5
DA:45,5
DA:46,8
DA:47,2
DA:50,6
DA:52,3
DA:61,319
DA:62,98
DA:63,221
DA:64,29
DA:65,192
DA:74,130
DA:75,127
DA:84,96
DA:94,100
DA:96,255
DA:104,97
DA:105,1
DA:108,96
DA:109,16
DA:117,29
LF:31
LH:31
BRDA:13,0,0,0
BRDA:13,0,1,172
BRDA:33,1,0,1
BRDA:33,1,1,124
BRDA:46,2,0,2
BRDA:46,2,1,6
BRDA:61,3,0,98
BRDA:61,3,1,221
BRDA:63,4,0,29
BRDA:63,4,1,192
BRDA:74,5,0,3
BRDA:74,5,1,127
BRDA:94,6,0,1
BRDA:94,6,1,99
BRDA:104,7,0,1
BRDA:104,7,1,96
BRDA:108,8,0,16
BRDA:108,8,1,80
BRDA:120,9,0,22
BRDA:120,9,1,7
BRF:20
BRH:19
end_of_record
TN:
SF:/home/chris/dev/pisa/src/blockMonitor/index.ts
FNF:0
FNH:0
DA:1,1
DA:2,1
DA:3,1
LF:3
LH:3
BRF:0
BRH:0
end_of_record
TN:
SF:/home/chris/dev/pisa/src/blockMonitor/reorg.ts
FN:35,(anonymous_7)
FN:45,(anonymous_8)
FN:48,(anonymous_9)
FN:56,(anonymous_10)
FN:111,(anonymous_12)
FN:139,(anonymous_14)
FN:152,(anonymous_15)
FN:157,(anonymous_17)
FN:157,(anonymous_18)
FN:179,(anonymous_19)
FN:201,(anonymous_21)
FN:240,(anonymous_23)
FN:247,(anonymous_24)
FNF:13
FNH:13
FNDA:28,(anonymous_7)
FNDA:28,(anonymous_8)
FNDA:28,(anonymous_9)
FNDA:90,(anonymous_10)
FNDA:10,(anonymous_12)
FNDA:89,(anonymous_14)
FNDA:10,(anonymous_15)
FNDA:1,(anonymous_17)
FNDA:1,(anonymous_18)
FNDA:5,(anonymous_19)
FNDA:11,(anonymous_21)
FNDA:11,(anonymous_23)
FNDA:22,(anonymous_24)
DA:2,1
DA:3,1
DA:4,1
DA:10,1
DA:16,1
DA:21,1
DA:27,1
DA:36,28
DA:37,28
DA:38,28
DA:40,28
DA:41,28
DA:42,28
DA:46,28
DA:49,28
DA:59,90
DA:60,89
DA:62,89
DA:64,89
DA:65,89
DA:67,25
DA:68,64
DA:70,53
DA:73,11
DA:78,11
DA:80,1
DA:81,10
DA:83,1
DA:85,1
DA:86,1
DA:89,9
DA:94,89
DA:96,0
DA:97,0
DA:98,0
DA:99,0
DA:102,89
DA:116,10
DA:117,10
DA:119,10
DA:125,10
DA:128,10
DA:131,10
DA:132,10
DA:141,89
DA:142,89
DA:145,89
DA:154,10
DA:156,10
DA:157,1
DA:158,1
DA:160,1
DA:185,5
DA:186,5
DA:188,5
DA:189,5
DA:191,3
DA:192,2
DA:205,11
DA:206,0
DA:210,11
DA:211,11
DA:213,11
DA:216,11
DA:217,8
DA:221,3
DA:222,3
DA:230,11
DA:241,11
DA:248,22
DA:249,0
LF:71
LH:65
BRDA:59,0,0,89
BRDA:59,0,1,1
BRDA:65,1,0,25
BRDA:65,1,1,64
BRDA:68,2,0,53
BRDA:68,2,1,11
BRDA:78,3,0,1
BRDA:78,3,1,10
BRDA:81,4,0,1
BRDA:81,4,1,9
BRDA:98,5,0,0
BRDA:98,5,1,0
BRDA:189,6,0,2
BRDA:189,6,1,3
BRDA:191,7,0,1
BRDA:191,7,1,2
BRDA:205,8,0,0
BRDA:205,8,1,11
BRDA:213,9,0,0
BRDA:213,9,1,11
BRDA:216,10,0,8
BRDA:216,10,1,3
BRDA:248,11,0,22
BRDA:248,11,1,0
BRF:24
BRH:19
end_of_record
TN:
SF:/home/chris/dev/pisa/src/blockMonitor/reorgHeightListener.ts
FN:4,(anonymous_0)
FN:13,(anonymous_1)
FN:23,(anonymous_2)
FN:38,(anonymous_3)
FN:41,(anonymous_4)
FN:42,(anonymous_5)
FN:43,(anonymous_6)
FN:51,(anonymous_7)
FN:53,(anonymous_8)
FN:54,(anonymous_9)
FN:55,(anonymous_10)
FNF:11
FNH:11
FNDA:32,(anonymous_0)
FNDA:22,(anonymous_1)
FNDA:5,(anonymous_2)
FNDA:25,(anonymous_3)
FNDA:46,(anonymous_4)
FNDA:46,(anonymous_5)
FNDA:44,(anonymous_6)
FNDA:90,(anonymous_7)
FNDA:50,(anonymous_8)
FNDA:50,(anonymous_9)
FNDA:4,(anonymous_10)
DA:4,1
DA:5,32
DA:15,22
DA:16,19
DA:24,5
DA:26,5
DA:39,25
DA:41,46
DA:42,46
DA:43,44
DA:52,90
DA:53,50
DA:54,50
DA:55,4
LF:14
LH:14
BRDA:15,0,0,3
BRDA:15,0,1,19
BRDA:27,1,0,5
BRDA:27,1,1,1
BRDA:27,1,2,4
BRDA:27,1,3,4
BRDA:27,1,4,4
BRF:7
BRH:7
end_of_record
TN:
SF:/home/chris/dev/pisa/src/dataEntities/appointment.ts
FN:47,(anonymous_1)
FN:54,(anonymous_2)
FN:58,(anonymous_3)
FN:62,(anonymous_4)
FN:65,(anonymous_5)
FN:70,(anonymous_6)
FN:77,(anonymous_7)
FN:100,(anonymous_8)
FN:112,(anonymous_9)
FNF:9
FNH:9
FNDA:46,(anonymous_1)
FNDA:8,(anonymous_2)
FNDA:9,(anonymous_3)
FNDA:4,(anonymous_4)
FNDA:4,(anonymous_5)
FNDA:166,(anonymous_6)
FNDA:166,(anonymous_7)
FNDA:8,(anonymous_8)
FNDA:4,(anonymous_9)
DA:3,2
DA:44,2
DA:47,46
DA:48,46
DA:49,46
DA:50,46
DA:55,8
DA:59,9
DA:63,4
DA:66,4
DA:67,4
DA:68,4
DA:71,166
DA:78,166
DA:101,8
DA:113,4
LF:16
LH:16
BRDA:49,0,0,0
BRDA:49,0,1,46
BRDA:50,1,0,0
BRDA:50,1,1,46
BRF:4
BRH:2
end_of_record
TN:
SF:/home/chris/dev/pisa/src/dataEntities/channelType.ts
FN:4,(anonymous_0)
FNF:1
FNH:1
FNDA:2,(anonymous_0)
DA:4,2
DA:5,2
DA:6,2
DA:7,2
LF:4
LH:4
BRDA:4,0,0,2
BRDA:4,0,1,2
BRF:2
BRH:2
end_of_record
TN:
SF:/home/chris/dev/pisa/src/dataEntities/checkAppointment.ts
FN:4,checkAppointment
FN:13,isArrayOfStrings
FN:15,(anonymous_2)
FN:25,propertyExistsAndIsOfType
FN:30,doesPropertyExist
FN:34,isPropertyOfType
FNF:6
FNH:6
FNDA:48,checkAppointment
FNDA:31,isArrayOfStrings
FNDA:60,(anonymous_2)
FNDA:343,propertyExistsAndIsOfType
FNDA:422,doesPropertyExist
FNDA:343,isPropertyOfType
DA:2,2
DA:4,2
DA:5,48
DA:6,48
DA:7,48
DA:8,48
DA:10,48
DA:13,2
DA:14,31
DA:15,31
DA:16,60
DA:17,0
DA:20,31
DA:22,0
DA:25,2
DA:26,343
DA:27,343
DA:30,2
DA:31,422
DA:34,2
DA:35,343
DA:36,0
LF:22
LH:19
BRDA:5,0,0,0
BRDA:5,0,1,48
BRDA:8,1,0,0
BRDA:8,1,1,48
BRDA:14,2,0,31
BRDA:14,2,1,0
BRDA:16,3,0,0
BRDA:16,3,1,60
BRDA:31,4,0,0
BRDA:31,4,1,422
BRDA:35,5,0,0
BRDA:35,5,1,343
BRF:12
BRH:6
end_of_record
TN:
SF:/home/chris/dev/pisa/src/dataEntities/config.ts
FNF:0
FNH:0
DA:1,1
DA:26,1
LF:2
LH:2
BRF:0
BRH:0
end_of_record
TN:
SF:/home/chris/dev/pisa/src/dataEntities/errors.ts
FN:5,(anonymous_0)
FN:15,(anonymous_1)
FN:26,(anonymous_2)
FN:37,(anonymous_3)
FN:51,(anonymous_4)
FNF:5
FNH:5
FNDA:42,(anonymous_0)
FNDA:4,(anonymous_1)
FNDA:2,(anonymous_2)
FNDA:31,(anonymous_3)
FNDA:4,(anonymous_4)
DA:4,2
DA:6,42
DA:7,42
DA:14,2
DA:16,4
DA:17,4
DA:25,2
DA:27,2
DA:28,2
DA:36,2
DA:38,31
DA:39,31
DA:46,2
DA:52,4
DA:53,4
DA:54,4
LF:16
LH:16
BRF:0
BRH:0
end_of_record
TN:
SF:/home/chris/dev/pisa/src/dataEntities/index.ts
FNF:0
FNH:0
DA:1,2
DA:2,2
DA:3,2
DA:4,2
DA:5,2
DA:6,2
DA:7,2
DA:8,2
DA:9,2
DA:11,2
LF:10
LH:10
BRF:0
BRH:0
end_of_record
TN:
SF:/home/chris/dev/pisa/src/dataEntities/startStop.ts
FN:26,(anonymous_7)
FN:35,(anonymous_8)
FN:51,(anonymous_10)
FNF:3
FNH:3
FNDA:126,(anonymous_7)
FNDA:112,(anonymous_8)
FNDA:109,(anonymous_10)
DA:1,2
DA:2,2
DA:3,2
DA:10,2
DA:14,2
DA:19,2
DA:26,126
DA:27,126
DA:29,126
DA:30,126
DA:36,112
DA:37,110
DA:39,109
DA:40,109
DA:41,109
DA:42,109
DA:43,109
DA:44,109
DA:52,109
DA:53,107
DA:54,107
DA:55,107
DA:56,107
DA:58,2
LF:24
LH:24
BRDA:36,0,0,2
BRDA:36,0,1,110
BRDA:37,1,0,1
BRDA:37,1,1,109
BRDA:52,2,0,107
BRDA:52,2,1,2
BRF:6
BRH:6
end_of_record
TN:
SF:/home/chris/dev/pisa/src/integrations/index.ts
FN:10,(anonymous_0)
FN:11,(anonymous_1)
FN:18,(anonymous_2)
FN:19,(anonymous_3)
FNF:4
FNH:2
FNDA:0,(anonymous_0)
FNDA:0,(anonymous_1)
FNDA:15,(anonymous_2)
FNDA:13,(anonymous_3)
DA:3,1
DA:5,1
DA:6,1
DA:8,1
DA:10,0
DA:12,0
DA:16,1
DA:18,15
DA:20,13
LF:9
LH:7
BRF:0
BRH:0
end_of_record
TN:
SF:/home/chris/dev/pisa/src/integrations/kitsune/index.ts
FN:33,(anonymous_7)
FN:41,(anonymous_8)
FN:49,(anonymous_9)
FN:70,(anonymous_10)
FN:74,(anonymous_11)
FN:78,(anonymous_12)
FN:85,(anonymous_13)
FN:95,(anonymous_14)
FN:99,(anonymous_15)
FN:103,(anonymous_16)
FN:107,(anonymous_17)
FN:122,(anonymous_18)
FN:130,(anonymous_19)
FN:179,(anonymous_21)
FN:232,(anonymous_23)
FN:241,(anonymous_24)
FN:242,(anonymous_25)
FN:243,(anonymous_26)
FNF:18
FNH:18
FNDA:33,(anonymous_7)
FNDA:33,(anonymous_8)
FNDA:33,(anonymous_9)
FNDA:134,(anonymous_10)
FNDA:21,(anonymous_11)
FNDA:146,(anonymous_12)
FNDA:7,(anonymous_13)
FNDA:7,(anonymous_14)
FNDA:15,(anonymous_15)
FNDA:8,(anonymous_16)
FNDA:8,(anonymous_17)
FNDA:24,(anonymous_18)
FNDA:24,(anonymous_19)
FNDA:21,(anonymous_21)
FNDA:18,(anonymous_23)
FNDA:32,(anonymous_24)
FNDA:28,(anonymous_25)
FNDA:44,(anonymous_26)
DA:1,1
DA:2,1
DA:3,1
DA:4,1
DA:13,1
DA:14,1
DA:15,1
DA:16,1
DA:31,1
DA:34,33
DA:35,31
DA:36,31
DA:37,0
DA:42,33
DA:43,33
DA:44,33
DA:46,31
DA:50,33
DA:51,33
DA:52,33
DA:53,33
DA:54,1
DA:57,32
DA:58,32
DA:59,32
DA:61,32
DA:63,1
DA:66,31
DA:67,31
DA:71,134
DA:75,21
DA:82,146
DA:86,7
DA:87,7
DA:89,7
DA:96,7
DA:100,15
DA:104,8
DA:108,8
DA:109,8
DA:110,8
DA:121,1
DA:122,24
DA:123,24
DA:131,24
DA:133,24
DA:135,24
DA:136,2
DA:138,22
DA:139,1
DA:143,21
DA:146,21
DA:159,10
DA:160,10
DA:161,4
DA:188,21
DA:189,21
DA:190,21
DA:191,3
DA:197,18
DA:198,18
DA:199,18
DA:200,0
DA:206,18
DA:207,18
DA:209,18
DA:210,0
DA:215,18
DA:216,18
DA:219,18
DA:222,18
DA:223,10
DA:233,18
DA:234,2
DA:241,32
DA:242,16
DA:243,44
DA:244,28
DA:245,6
DA:249,22
LF:80
LH:77
BRDA:34,0,0,31
BRDA:34,0,1,0
BRDA:50,1,0,0
BRDA:50,1,1,33
BRDA:53,2,0,1
BRDA:53,2,1,32
BRDA:135,3,0,2
BRDA:135,3,1,22
BRDA:135,4,0,24
BRDA:135,4,1,24
BRDA:138,5,0,1
BRDA:138,5,1,21
BRDA:160,6,0,4
BRDA:160,6,1,6
BRDA:190,7,0,3
BRDA:190,7,1,18
BRDA:199,8,0,0
BRDA:199,8,1,18
BRDA:209,9,0,0
BRDA:209,9,1,18
BRDA:233,10,0,2
BRDA:233,10,1,16
BRDA:244,11,0,6
BRDA:244,11,1,22
BRF:24
BRH:20
end_of_record
TN:
SF:/home/chris/dev/pisa/src/integrations/kitsune/tools.ts
FN:8,(anonymous_1)
FNF:1
FNH:1
FNDA:49,(anonymous_1)
DA:1,1
DA:2,1
DA:7,1
DA:9,49
DA:11,1
DA:12,1
DA:13,1
LF:7
LH:7
BRF:0
BRH:0
end_of_record
TN:
SF:/home/chris/dev/pisa/src/integrations/raiden/balanceProof.ts
FN:50,(anonymous_6)
FN:60,(anonymous_7)
FN:77,(anonymous_8)
FN:92,(anonymous_9)
FN:108,(anonymous_10)
FNF:5
FNH:3
FNDA:9,(anonymous_6)
FNDA:0,(anonymous_7)
FNDA:2,(anonymous_8)
FNDA:9,(anonymous_9)
FNDA:0,(anonymous_10)
DA:6,2
DA:24,2
DA:51,9
DA:52,9
DA:53,9
DA:54,9
DA:55,9
DA:56,9
DA:57,9
DA:62,0
DA:73,2
DA:78,2
DA:93,9
DA:109,0
LF:14
LH:12
BRF:0
BRH:0
end_of_record
TN:
SF:/home/chris/dev/pisa/src/integrations/raiden/index.ts
FN:39,(anonymous_7)
FN:47,(anonymous_8)
FN:55,(anonymous_9)
FN:103,(anonymous_10)
FN:107,(anonymous_11)
FN:111,(anonymous_12)
FN:122,(anonymous_13)
FN:132,(anonymous_14)
FN:136,(anonymous_15)
FN:140,(anonymous_16)
FN:144,(anonymous_17)
FN:162,(anonymous_18)
FN:170,(anonymous_19)
FNF:13
FNH:7
FNDA:15,(anonymous_7)
FNDA:15,(anonymous_8)
FNDA:15,(anonymous_9)
FNDA:35,(anonymous_10)
FNDA:0,(anonymous_11)
FNDA:35,(anonymous_12)
FNDA:0,(anonymous_13)
FNDA:0,(anonymous_14)
FNDA:0,(anonymous_15)
FNDA:0,(anonymous_16)
FNDA:0,(anonymous_17)
FNDA:15,(anonymous_18)
FNDA:15,(anonymous_19)
DA:1,2
DA:9,2
DA:10,2
DA:11,2
DA:12,2
DA:13,2
DA:14,2
DA:15,2
DA:16,2
DA:37,2
DA:40,15
DA:41,15
DA:42,15
DA:48,15
DA:49,15
DA:50,15
DA:52,15
DA:56,15
DA:57,15
DA:58,15
DA:59,15
DA:60,0
DA:63,15
DA:64,15
DA:65,15
DA:66,0
DA:69,15
DA:71,15
DA:72,15
DA:74,15
DA:76,0
DA:79,15
DA:81,15
DA:82,15
DA:84,15
DA:86,0
DA:89,15
DA:91,15
DA:92,15
DA:94,15
DA:95,15
DA:97,15
DA:99,0
DA:104,35
DA:108,0
DA:117,35
DA:123,0
DA:124,0
DA:126,0
DA:133,0
DA:137,0
DA:141,0
DA:145,0
DA:161,2
DA:162,15
DA:163,15
DA:171,15
DA:173,15
DA:175,15
DA:176,1
DA:179,14
DA:180,1
DA:184,13
DA:195,12
DA:200,12
DA:201,12
DA:206,12
DA:207,12
DA:209,12
DA:210,12
DA:211,1
DA:217,11
DA:224,11
DA:225,0
DA:234,11
DA:235,11
DA:236,0
DA:247,11
DA:248,11
DA:249,2
DA:257,9
DA:268,9
DA:272,9
DA:273,7
DA:281,2
DA:285,2
DA:286,1
DA:293,1
LF:88
LH:73
BRDA:40,0,0,15
BRDA:40,0,1,0
BRDA:56,1,0,0
BRDA:56,1,1,15
BRDA:59,2,0,0
BRDA:59,2,1,15
BRDA:65,3,0,0
BRDA:65,3,1,15
BRDA:175,4,0,1
BRDA:175,4,1,14
BRDA:175,5,0,15
BRDA:175,5,1,15
BRDA:179,6,0,1
BRDA:179,6,1,13
BRDA:210,7,0,1
BRDA:210,7,1,11
BRDA:224,8,0,0
BRDA:224,8,1,11
BRDA:235,9,0,0
BRDA:235,9,1,11
BRDA:248,10,0,2
BRDA:248,10,1,9
BRDA:272,11,0,7
BRDA:272,11,1,2
BRDA:285,12,0,1
BRDA:285,12,1,1
BRF:26
BRH:20
end_of_record
TN:
SF:/home/chris/dev/pisa/src/integrations/raiden/tools.ts
FNF:0
FNH:0
DA:1,2
DA:2,2
DA:4,2
DA:5,2
DA:7,2
LF:5
LH:5
BRF:0
BRH:0
end_of_record
TN:
SF:/home/chris/dev/pisa/src/utils/ethers.ts
FN:10,(anonymous_6)
FN:32,waitForConfirmations
FN:35,(anonymous_8)
FN:39,(anonymous_9)
FN:39,(anonymous_10)
FN:40,(anonymous_11)
FN:40,(anonymous_12)
FN:73,(anonymous_13)
FN:87,rejectAfterBlocks
FN:90,(anonymous_15)
FN:94,(anonymous_16)
FN:95,(anonymous_17)
FN:113,(anonymous_18)
FN:125,rejectIfAnyBlockTimesOut
FN:131,(anonymous_20)
FN:136,(anonymous_21)
FN:137,(anonymous_22)
FN:143,testCondition
FN:166,(anonymous_24)
FN:168,(anonymous_25)
FN:168,(anonymous_26)
FN:189,(anonymous_27)
FN:200,validateProvider
FNF:23
FNH:21
FNDA:2,(anonymous_6)
FNDA:21,waitForConfirmations
FNDA:32,(anonymous_8)
FNDA:21,(anonymous_9)
FNDA:21,(anonymous_10)
FNDA:45,(anonymous_11)
FNDA:45,(anonymous_12)
FNDA:4,(anonymous_13)
FNDA:15,rejectAfterBlocks
FNDA:17,(anonymous_15)
FNDA:15,(anonymous_16)
FNDA:31,(anonymous_17)
FNDA:6,(anonymous_18)
FNDA:26,rejectIfAnyBlockTimesOut
FNDA:24,(anonymous_20)
FNDA:26,(anonymous_21)
FNDA:56,(anonymous_22)
FNDA:12006,testCondition
FNDA:2,(anonymous_24)
FNDA:66,(anonymous_25)
FNDA:66,(anonymous_26)
FNDA:0,(anonymous_27)
FNDA:0,validateProvider
DA:3,1
DA:4,1
DA:9,1
DA:11,2
DA:12,2
DA:32,1
DA:35,21
DA:36,32
DA:39,21
DA:40,45
DA:41,45
DA:42,44
DA:43,7
DA:45,2
DA:46,2
DA:47,2
DA:50,37
DA:51,22
DA:53,37
DA:54,12
DA:55,12
DA:56,12
DA:59,30
DA:63,21
DA:64,11
DA:72,1
DA:74,4
DA:75,4
DA:87,1
DA:90,15
DA:91,17
DA:94,15
DA:95,15
DA:96,31
DA:97,4
DA:98,4
DA:102,15
DA:112,1
DA:114,6
DA:115,6
DA:125,1
DA:129,26
DA:131,26
DA:132,24
DA:133,24
DA:136,26
DA:137,26
DA:138,56
DA:141,26
DA:144,12006
DA:145,12006
DA:146,6
DA:147,6
DA:149,12000
DA:152,26
DA:166,1
DA:167,2
DA:168,66
DA:169,66
DA:170,66
DA:171,51
DA:172,51
DA:173,0
DA:175,51
DA:176,0
DA:178,51
DA:180,66
DA:189,1
DA:190,0
DA:191,0
DA:192,0
DA:200,1
DA:201,0
DA:207,0
DA:209,0
DA:210,0
DA:211,0
LF:77
LH:67
BRDA:42,0,0,7
BRDA:42,0,1,37
BRDA:43,1,0,2
BRDA:43,1,1,5
BRDA:50,2,0,22
BRDA:50,2,1,15
BRDA:53,3,0,12
BRDA:53,3,1,25
BRDA:63,4,0,11
BRDA:63,4,1,9
BRDA:96,5,0,4
BRDA:96,5,1,27
BRDA:145,6,0,6
BRDA:145,6,1,12000
BRDA:170,7,0,51
BRDA:170,7,1,15
BRDA:172,8,0,0
BRDA:172,8,1,51
BRDA:175,9,0,0
BRDA:175,9,1,51
BRDA:189,10,0,0
BRDA:209,11,0,0
BRDA:209,11,1,0
BRDA:209,12,0,0
BRDA:209,12,1,0
BRF:25
BRH:18
end_of_record
TN:
SF:/home/chris/dev/pisa/src/utils/index.ts
FN:7,(anonymous_0)
FN:8,(anonymous_1)
FN:14,(anonymous_2)
FN:30,(anonymous_3)
FN:40,(anonymous_4)
FN:52,promiseTimeout
FN:55,(anonymous_6)
FN:56,(anonymous_7)
FN:70,plural
FNF:9
FNH:4
FNDA:22,(anonymous_0)
FNDA:22,(anonymous_1)
FNDA:0,(anonymous_2)
FNDA:131,(anonymous_3)
FNDA:49,(anonymous_4)
FNDA:0,promiseTimeout
FNDA:0,(anonymous_6)
FNDA:0,(anonymous_7)
FNDA:0,plural
DA:1,1
DA:7,1
DA:8,22
DA:13,1
DA:15,0
DA:16,0
DA:29,1
DA:32,131
DA:34,131
DA:41,49
DA:52,1
DA:53,0
DA:56,0
DA:57,0
DA:70,1
DA:71,0
LF:16
LH:10
BRDA:70,0,0,0
BRDA:71,1,0,0
BRDA:71,1,1,0
BRF:3
BRH:0
end_of_record
TN:
SF:/home/chris/dev/pisa/src/watcher/appointmentSubscriber.ts
FN:18,(anonymous_0)
FN:27,(anonymous_1)
FN:62,(anonymous_2)
FN:80,(anonymous_3)
FN:91,(anonymous_4)
FN:98,(anonymous_5)
FNF:6
FNH:5
FNDA:25,(anonymous_0)
FNDA:20,(anonymous_1)
FNDA:6,(anonymous_2)
FNDA:6,(anonymous_3)
FNDA:12,(anonymous_4)
FNDA:0,(anonymous_5)
DA:2,1
DA:17,1
DA:18,25
DA:33,20
DA:36,1
DA:37,1
DA:50,19
DA:52,19
DA:63,6
DA:64,6
DA:65,6
DA:68,5
DA:70,3
DA:81,6
DA:83,6
DA:92,12
DA:95,12
DA:96,0
DA:98,0
LF:19
LH:17
BRDA:33,0,0,1
BRDA:33,0,1,19
BRDA:65,1,0,1
BRDA:65,1,1,5
BRDA:68,2,0,3
BRDA:68,2,1,2
BRDA:95,3,0,0
BRDA:95,3,1,12
BRF:8
BRH:7
end_of_record
TN:
SF:/home/chris/dev/pisa/src/watcher/garbageCollector.ts
FN:20,(anonymous_7)
FN:39,(anonymous_8)
FN:46,(anonymous_9)
FN:54,(anonymous_10)
FN:73,(anonymous_12)
FN:73,(anonymous_13)
FNF:6
FNH:6
FNDA:27,(anonymous_7)
FNDA:19,(anonymous_8)
FNDA:18,(anonymous_9)
FNDA:27,(anonymous_10)
FNDA:8,(anonymous_12)
FNDA:8,(anonymous_13)
DA:4,1
DA:5,1
DA:11,1
DA:21,27
DA:22,27
DA:23,27
DA:24,27
DA:26,27
DA:30,27
DA:32,27
DA:34,27
DA:40,19
DA:47,18
DA:55,27
DA:59,27
DA:60,26
DA:62,26
DA:66,26
DA:67,26
DA:68,25
DA:69,7
DA:72,7
DA:73,8
DA:74,8
DA:75,7
DA:76,6
DA:81,23
DA:83,3
DA:87,3
DA:88,3
DA:89,3
DA:91,26
LF:32
LH:32
BRDA:59,0,0,26
BRDA:59,0,1,1
BRDA:68,1,0,7
BRDA:68,1,1,18
BRF:4
BRH:4
end_of_record
TN:
SF:/home/chris/dev/pisa/src/watcher/index.ts
FNF:0
FNH:0
DA:1,1
DA:2,1
LF:2
LH:2
BRF:0
BRH:0
end_of_record
TN:
SF:/home/chris/dev/pisa/src/watcher/store.ts
FN:37,(anonymous_14)
FN:44,(anonymous_15)
FN:59,(anonymous_17)
FN:77,(anonymous_19)
FN:113,(anonymous_21)
FN:146,(anonymous_23)
FN:147,(anonymous_24)
FNF:7
FNH:7
FNDA:28,(anonymous_14)
FNDA:28,(anonymous_15)
FNDA:28,(anonymous_17)
FNDA:22,(anonymous_19)
FNDA:8,(anonymous_21)
FNDA:29,(anonymous_23)
FNDA:18,(anonymous_24)
DA:1,1
DA:2,1
DA:36,1
DA:38,28
DA:39,28
DA:41,28
DA:46,28
DA:48,3
DA:49,3
DA:50,3
DA:52,3
DA:54,3
DA:55,3
DA:63,28
DA:66,28
DA:78,22
DA:80,22
DA:81,3
DA:82,1
DA:90,1
DA:93,2
DA:98,21
DA:99,21
DA:100,19
DA:103,21
DA:104,21
DA:105,21
DA:114,8
DA:115,8
DA:117,6
DA:120,6
DA:122,6
DA:123,6
DA:127,6
DA:129,5
DA:131,2
DA:147,29
LF:37
LH:37
BRDA:50,0,0,0
BRDA:50,0,1,3
BRDA:80,1,0,3
BRDA:80,1,1,19
BRDA:81,2,0,1
BRDA:81,2,1,2
BRDA:99,3,0,2
BRDA:99,3,1,19
BRDA:115,4,0,6
BRDA:115,4,1,2
BRDA:122,5,0,6
BRDA:122,5,1,0
BRF:12
BRH:10
end_of_record
TN:
SF:/home/chris/dev/pisa/src/watcher/watcher.ts
FN:22,(anonymous_7)
FN:34,(anonymous_8)
FN:37,(anonymous_9)
FN:40,(anonymous_10)
FN:44,(anonymous_11)
FN:79,(anonymous_12)
FN:80,(anonymous_14)
FN:80,(anonymous_15)
FN:92,(anonymous_16)
FN:92,(anonymous_17)
FN:101,(anonymous_18)
FN:129,(anonymous_20)
FN:130,(anonymous_22)
FN:130,(anonymous_23)
FN:136,(anonymous_24)
FN:136,(anonymous_25)
FN:149,(anonymous_26)
FNF:17
FNH:13
FNDA:25,(anonymous_7)
FNDA:0,(anonymous_8)
FNDA:0,(anonymous_9)
FNDA:16,(anonymous_10)
FNDA:15,(anonymous_11)
FNDA:10,(anonymous_12)
FNDA:10,(anonymous_14)
FNDA:10,(anonymous_15)
FNDA:2,(anonymous_16)
FNDA:2,(anonymous_17)
FNDA:10,(anonymous_18)
FNDA:5,(anonymous_20)
FNDA:5,(anonymous_22)
FNDA:5,(anonymous_23)
FNDA:0,(anonymous_24)
FNDA:0,(anonymous_25)
FNDA:5,(anonymous_26)
DA:1,1
DA:2,1
DA:3,1
DA:8,1
DA:9,1
DA:16,1
DA:23,25
DA:24,25
DA:25,25
DA:26,25
DA:27,25
DA:29,25
DA:30,25
DA:31,25
DA:35,0
DA:38,0
DA:41,16
DA:42,16
DA:45,15
DA:46,15
DA:80,10
DA:81,10
DA:84,9
DA:85,8
DA:88,7
DA:89,7
DA:92,6
DA:93,6
DA:96,6
DA:105,10
DA:108,10
DA:110,6
DA:112,5
DA:114,1
DA:121,6
DA:130,5
DA:133,5
DA:136,4
DA:137,0
DA:141,4
DA:144,4
DA:156,5
DA:157,5
DA:162,5
DA:164,5
DA:165,5
DA:167,0
DA:171,3
DA:176,3
LF:49
LH:45
BRDA:81,0,0,1
BRDA:81,0,1,9
BRDA:85,1,0,7
BRDA:85,1,1,1
BRDA:110,2,0,5
BRDA:110,2,1,1
BRDA:164,3,0,5
BRDA:164,3,1,0
BRF:8
BRH:7
end_of_record
